2023-12-03 04:34:48 | INFO    | __main__:stash:131 | run - {'image': '20231121', 'version': '0.10.1.post1', 'role': 'EpicPlayer', 'headless': True}
2023-12-03 04:35:03 | INFO    | __main__:claim_epic_games:97 | Try to flush cookie - {'task': 'claim_epic_games'}
2023-12-03 04:35:33 | WARNING    | epic_games.agent:authorize:266 | 执行超时 - {'task': 'authorize', 'retry': 0}
2023-12-03 04:35:35 | INFO    | epic_games.agent:_login:237 | login-with-email - {'url': 'https://www.epicgames.com/id/login?lang=en-US&noHostRedirect=true&redirectUrl=https://store.epicgames.com/en-US/free-games'}
2023-12-03 04:35:39 | DEBUG    | epic_games.agent:insert_challenge:215 | Attack challenge - {'stage': 'email_exists_prod'}
2023-12-03 04:35:39 | DEBUG    | hcaptcha_challenger.agents.playwright.control:_parse_label:241 | get task - {'prompt': 'Please click on the head of the animal'}
2023-12-03 04:35:55 | DEBUG    | epic_games.agent:insert_challenge:218 | Parse result - {'stage': 'email_exists_prod', 'result': <Status.CHALLENGE_RETRY: 'retry'>}
2023-12-03 04:35:59 | DEBUG    | hcaptcha_challenger.agents.playwright.control:_parse_label:241 | get task - {'prompt': 'Please click on the head of the animal'}
2023-12-03 04:36:10 | DEBUG    | epic_games.agent:insert_challenge:218 | Parse result - {'stage': 'email_exists_prod', 'result': <Status.CHALLENGE_RETRY: 'retry'>}
2023-12-03 04:36:14 | DEBUG    | hcaptcha_challenger.agents.playwright.control:_parse_label:241 | get task - {'prompt': 'Please click on the head of the animal'}
2023-12-03 04:36:21 | DEBUG    | hcaptcha_challenger.agents.playwright.control:lookup_objects:317 | handle task - {'catch_model': 'head_of_the_meerkat_2311_yolov8n.onnx', 'ash': 'please click on the head of the animal default'}
2023-12-03 04:36:25 | DEBUG    | epic_games.agent:insert_challenge:218 | Parse result - {'stage': 'email_exists_prod', 'result': <Status.CHALLENGE_RETRY: 'retry'>}
2023-12-03 04:36:30 | DEBUG    | hcaptcha_challenger.agents.playwright.control:_parse_label:241 | get task - {'prompt': "Please click on the hamster's head"}
2023-12-03 04:36:36 | DEBUG    | epic_games.agent:insert_challenge:218 | Parse result - {'stage': 'email_exists_prod', 'result': <Status.CHALLENGE_RETRY: 'retry'>}
2023-12-03 04:36:40 | DEBUG    | hcaptcha_challenger.agents.playwright.control:_parse_label:241 | get task - {'prompt': "Please click on the hamster's head"}
2023-12-03 04:36:49 | DEBUG    | epic_games.agent:insert_challenge:218 | Parse result - {'stage': 'email_exists_prod', 'result': <Status.CHALLENGE_RETRY: 'retry'>}
2023-12-03 04:36:53 | DEBUG    | hcaptcha_challenger.agents.playwright.control:_parse_label:241 | get task - {'prompt': 'Please click on objects used for personal transportation.'}
2023-12-03 04:36:54 | DEBUG    | hcaptcha_challenger.agents.playwright.control:_catch_all_binary_challenge:474 | handle task - {'unsupervised': 'binary', 'candidate_labels': ['This is a picture that looks like please click on objects used for personal transportation.', "This is a picture that don't look like please click on objects used for personal transportation."], 'prompt': 'Please click on objects used for personal transportation.', 'timit': '0.772s'}
2023-12-03 04:37:07 | DEBUG    | epic_games.agent:insert_challenge:218 | Parse result - {'stage': 'email_exists_prod', 'result': <Status.CHALLENGE_RETRY: 'retry'>}
2023-12-03 04:37:11 | DEBUG    | hcaptcha_challenger.agents.playwright.control:_parse_label:241 | get task - {'prompt': 'Please click on objects used for personal transportation.'}
2023-12-03 04:37:11 | DEBUG    | hcaptcha_challenger.agents.playwright.control:_catch_all_binary_challenge:474 | handle task - {'unsupervised': 'binary', 'candidate_labels': ['This is a picture that looks like please click on objects used for personal transportation.', "This is a picture that don't look like please click on objects used for personal transportation."], 'prompt': 'Please click on objects used for personal transportation.', 'timit': '0.769s'}
2023-12-03 04:37:23 | DEBUG    | epic_games.agent:insert_challenge:218 | Parse result - {'stage': 'email_exists_prod', 'result': <Status.CHALLENGE_RETRY: 'retry'>}
2023-12-03 04:37:28 | DEBUG    | hcaptcha_challenger.agents.playwright.control:_parse_label:241 | get task - {'prompt': 'Please click on the object that appears only once.'}
2023-12-03 04:37:31 | DEBUG    | hcaptcha_challenger.agents.playwright.control:lookup_unique_object:333 | handle task - {'select_model': 'appears_only_once_2309_yolov8s-seg.onnx', 'trident': 'find_unique_object', 'ash': 'please click on the object that appears only once default'}
2023-12-03 04:37:33 | DEBUG    | hcaptcha_challenger.agents.playwright.control:lookup_unique_object:333 | handle task - {'select_model': 'appears_only_once_2309_yolov8s-seg.onnx', 'trident': 'find_unique_object', 'ash': 'please click on the object that appears only once default'}
2023-12-03 04:37:36 | DEBUG    | epic_games.agent:insert_challenge:218 | Parse result - {'stage': 'email_exists_prod', 'result': <Status.CHALLENGE_SUCCESS: 'success'>}
2023-12-03 04:38:06 | WARNING    | epic_games.agent:authorize:266 | 执行超时 - {'task': 'authorize', 'retry': 1}
2023-12-03 04:38:08 | INFO    | epic_games.agent:_login:237 | login-with-email - {'url': 'https://www.epicgames.com/id/login?lang=en-US&noHostRedirect=true&redirectUrl=https://store.epicgames.com/en-US/free-games'}
2023-12-03 04:38:12 | DEBUG    | epic_games.agent:insert_challenge:215 | Attack challenge - {'stage': 'email_exists_prod'}
2023-12-03 04:38:12 | DEBUG    | hcaptcha_challenger.agents.playwright.control:_parse_label:241 | get task - {'prompt': 'Please click on the head of the animal'}
2023-12-03 04:38:15 | DEBUG    | hcaptcha_challenger.agents.playwright.control:lookup_objects:317 | handle task - {'catch_model': 'head_of_the_animal_turtle_2309_yolov8s.onnx', 'ash': 'please click on the head of the animal default'}
2023-12-03 04:38:22 | DEBUG    | epic_games.agent:insert_challenge:218 | Parse result - {'stage': 'email_exists_prod', 'result': <Status.CHALLENGE_RETRY: 'retry'>}
2023-12-03 04:38:28 | DEBUG    | hcaptcha_challenger.agents.playwright.control:_parse_label:241 | get task - {'prompt': 'Please click on objects related to technology and electronics.'}
2023-12-03 04:38:29 | DEBUG    | hcaptcha_challenger.agents.playwright.control:_catch_all_binary_challenge:474 | handle task - {'unsupervised': 'binary', 'candidate_labels': ['This is a picture that looks like please click on objects related to technology and electronics.', "This is a picture that don't look like please click on objects related to technology and electronics."], 'prompt': 'Please click on objects related to technology and electronics.', 'timit': '0.758s'}
2023-12-03 04:38:40 | DEBUG    | epic_games.agent:insert_challenge:218 | Parse result - {'stage': 'email_exists_prod', 'result': <Status.CHALLENGE_RETRY: 'retry'>}
2023-12-03 04:38:45 | DEBUG    | hcaptcha_challenger.agents.playwright.control:_parse_label:241 | get task - {'prompt': 'Please click on animals that can live in water.'}
2023-12-03 04:38:46 | DEBUG    | hcaptcha_challenger.agents.playwright.control:_catch_all_binary_challenge:474 | handle task - {'unsupervised': 'binary', 'candidate_labels': ['This is a picture that looks like please click on animals that can live in water.', "This is a picture that don't look like please click on animals that can live in water."], 'prompt': 'Please click on animals that can live in water.', 'timit': '0.761s'}
2023-12-03 04:38:58 | DEBUG    | epic_games.agent:insert_challenge:218 | Parse result - {'stage': 'email_exists_prod', 'result': <Status.CHALLENGE_RETRY: 'retry'>}
2023-12-03 04:39:05 | DEBUG    | hcaptcha_challenger.agents.playwright.control:_parse_label:241 | get task - {'prompt': 'Please click on objects that are used for transportation of goods.'}
2023-12-03 04:39:06 | DEBUG    | hcaptcha_challenger.agents.playwright.control:_catch_all_binary_challenge:474 | handle task - {'unsupervised': 'binary', 'candidate_labels': ['This is a picture that looks like please click on objects that are used for transportation of goods.', "This is a picture that don't look like please click on objects that are used for transportation of goods."], 'prompt': 'Please click on objects that are used for transportation of goods.', 'timit': '0.740s'}
2023-12-03 04:39:18 | DEBUG    | epic_games.agent:insert_challenge:218 | Parse result - {'stage': 'email_exists_prod', 'result': <Status.CHALLENGE_RETRY: 'retry'>}
2023-12-03 04:39:24 | DEBUG    | hcaptcha_challenger.agents.playwright.control:_parse_label:241 | get task - {'prompt': 'Please click on the head of the animal'}
2023-12-03 04:39:30 | DEBUG    | hcaptcha_challenger.agents.playwright.control:lookup_objects:317 | handle task - {'catch_model': 'head_of_the_jaguar_mask_2309_yolov8n.onnx', 'ash': 'please click on the head of the animal default'}
2023-12-03 04:39:33 | DEBUG    | epic_games.agent:insert_challenge:218 | Parse result - {'stage': 'email_exists_prod', 'result': <Status.CHALLENGE_RETRY: 'retry'>}
2023-12-03 04:39:36 | DEBUG    | hcaptcha_challenger.agents.playwright.control:_parse_label:241 | get task - {'prompt': 'Please click on the object that appears only once.'}
2023-12-03 04:39:38 | DEBUG    | hcaptcha_challenger.agents.playwright.control:lookup_unique_object:333 | handle task - {'select_model': 'appears_only_once_2309_yolov8s-seg.onnx', 'trident': 'find_unique_object', 'ash': 'please click on the object that appears only once default'}
2023-12-03 04:39:40 | DEBUG    | hcaptcha_challenger.agents.playwright.control:lookup_unique_object:333 | handle task - {'select_model': 'appears_only_once_2309_yolov8s-seg.onnx', 'trident': 'find_unique_object', 'ash': 'please click on the object that appears only once default'}
2023-12-03 04:39:44 | DEBUG    | epic_games.agent:insert_challenge:218 | Parse result - {'stage': 'email_exists_prod', 'result': <Status.CHALLENGE_SUCCESS: 'success'>}
2023-12-03 04:40:14 | WARNING    | epic_games.agent:authorize:266 | 执行超时 - {'task': 'authorize', 'retry': 2}
2023-12-03 04:40:14 | ERROR    | __main__:run:158 | An error has been caught in function 'run', process 'MainProcess' (3758), thread 'MainThread' (140564643289984): - {}
Traceback (most recent call last):
  File "/home/runner/work/epic/epic/epic/src/claim.py", line 162, in <module>
    asyncio.run(run())
  File "/opt/hostedtoolcache/Python/3.10.13/x64/lib/python3.10/asyncio/runners.py", line 44, in run
    return loop.run_until_complete(main)
  File "/opt/hostedtoolcache/Python/3.10.13/x64/lib/python3.10/asyncio/base_events.py", line 636, in run_until_complete
    self.run_forever()
  File "/opt/hostedtoolcache/Python/3.10.13/x64/lib/python3.10/asyncio/base_events.py", line 603, in run_forever
    self._run_once()
  File "/opt/hostedtoolcache/Python/3.10.13/x64/lib/python3.10/asyncio/base_events.py", line 1909, in _run_once
    handle._run()
  File "/opt/hostedtoolcache/Python/3.10.13/x64/lib/python3.10/asyncio/events.py", line 80, in _run
    self._context.run(self._callback, *self._args)
> File "/home/runner/work/epic/epic/epic/src/claim.py", line 158, in run
    await agent.stash()
  File "/home/runner/work/epic/epic/epic/src/claim.py", line 151, in stash
    await self.claim_epic_games(context)
  File "/home/runner/work/epic/epic/epic/src/claim.py", line 98, in claim_epic_games
    if await epic.authorize(page):
  File "/home/runner/work/epic/epic/epic/src/epic_games/agent.py", line 269, in authorize
    raise RuntimeError(f"Failed to flush token - agent={self.__class__.__name__}")
RuntimeError: Failed to flush token - agent=EpicGames
